INFO  | 24-06-2022 12:53:52 | utility.DatabaseHandler - Соединение с базой данных установлено.
INFO  | 24-06-2022 12:53:52 | utility.CollectionManager - Коллекция загружена.
INFO  | 24-06-2022 12:53:52 | server.Server - Запуск сервера...
INFO  | 24-06-2022 12:53:52 | server.Server - Сервер запущен.
INFO  | 24-06-2022 12:53:52 | server.Server - Разрешение на новое соединение получено.
INFO  | 24-06-2022 12:53:52 | server.Server - Прослушивание порта '1111'...
INFO  | 24-06-2022 12:53:52 | server.Server - Соединение с клиентом установлено.
INFO  | 24-06-2022 12:53:52 | server.Server - Разрешение на новое соединение получено.
INFO  | 24-06-2022 12:53:52 | server.Server - Прослушивание порта '1111'...
WARN  | 24-06-2022 12:54:02 | utility.ConnectionHandler - Непредвиденный разрыв соединения с клиентом!
INFO  | 24-06-2022 12:54:02 | utility.ConnectionHandler - Клиент отключен от сервера.
INFO  | 24-06-2022 12:54:02 | server.Server - Разрыв соединения зарегистрирован.
INFO  | 24-06-2022 12:54:03 | server.Server - Соединение с клиентом установлено.
INFO  | 24-06-2022 12:54:03 | server.Server - Разрешение на новое соединение получено.
INFO  | 24-06-2022 12:54:03 | server.Server - Прослушивание порта '1111'...
INFO  | 24-06-2022 12:54:10 | utility.DatabaseUserManager - Выполнен запрос SELECT_USER_BY_USERNAME_AND_PASSWORD.
INFO  | 24-06-2022 12:54:10 | utility.ConnectionHandler - Запрос 'login' обработан.
INFO  | 24-06-2022 12:54:16 | utility.ConnectionHandler - Запрос 'help' обработан.
WARN  | 24-06-2022 12:54:31 | utility.ConnectionHandler - Непредвиденный разрыв соединения с клиентом!
INFO  | 24-06-2022 12:54:31 | utility.ConnectionHandler - Клиент отключен от сервера.
INFO  | 24-06-2022 12:54:31 | server.Server - Разрыв соединения зарегистрирован.
