INFO  | 24-06-2022 12:50:51 | utility.DatabaseHandler - Соединение с базой данных установлено.
INFO  | 24-06-2022 12:50:51 | utility.CollectionManager - Коллекция загружена.
INFO  | 24-06-2022 12:50:51 | server.Server - Запуск сервера...
INFO  | 24-06-2022 12:50:51 | server.Server - Сервер запущен.
INFO  | 24-06-2022 12:50:51 | server.Server - Разрешение на новое соединение получено.
INFO  | 24-06-2022 12:50:51 | server.Server - Прослушивание порта '1111'...
INFO  | 24-06-2022 12:50:51 | server.Server - Соединение с клиентом установлено.
INFO  | 24-06-2022 12:50:51 | server.Server - Разрешение на новое соединение получено.
INFO  | 24-06-2022 12:50:51 | server.Server - Прослушивание порта '1111'...
WARN  | 24-06-2022 12:51:04 | utility.ConnectionHandler - Непредвиденный разрыв соединения с клиентом!
INFO  | 24-06-2022 12:51:04 | utility.ConnectionHandler - Клиент отключен от сервера.
INFO  | 24-06-2022 12:51:04 | server.Server - Разрыв соединения зарегистрирован.
INFO  | 24-06-2022 12:51:05 | server.Server - Соединение с клиентом установлено.
INFO  | 24-06-2022 12:51:05 | server.Server - Разрешение на новое соединение получено.
INFO  | 24-06-2022 12:51:05 | server.Server - Прослушивание порта '1111'...
INFO  | 24-06-2022 12:51:15 | utility.DatabaseUserManager - Выполнен запрос SELECT_USER_BY_USERNAME_AND_PASSWORD.
INFO  | 24-06-2022 12:51:15 | utility.ConnectionHandler - Запрос 'login' обработан.
INFO  | 24-06-2022 12:51:17 | utility.ConnectionHandler - Запрос 'show' обработан.
WARN  | 24-06-2022 12:51:21 | utility.ConnectionHandler - Непредвиденный разрыв соединения с клиентом!
INFO  | 24-06-2022 12:51:21 | utility.ConnectionHandler - Клиент отключен от сервера.
INFO  | 24-06-2022 12:51:21 | server.Server - Разрыв соединения зарегистрирован.
